
11-10-09 12:01:20
Database csv2db succesfully choosed.
Current task ID: export2yaml

Client script: /2yaml/motoweby.php
#########################################################################################################


11-10-09 12:01:20
Query succesfully done.
select * from `ktm`
Current task ID: export2yaml

Client script: /2yaml/motoweby.php
#########################################################################################################


11-10-09 13:25:22
Database csv2db succesfully choosed.
Current task ID: export2yaml

Client script: /2yaml/motoweby.php
#########################################################################################################


11-10-09 13:25:22
Query succesfully done.
select * from `ktm`
Current task ID: export2yaml

Client script: /2yaml/motoweby.php
#########################################################################################################


11-10-09 13:25:23
Database csv2db succesfully choosed.
Current task ID: export2yaml

Client script: /2yaml/motoweby.php
#########################################################################################################


11-10-09 13:25:23
Query succesfully done.
select * from `ktm`
Current task ID: export2yaml

Client script: /2yaml/motoweby.php
#########################################################################################################


11-10-09 13:25:43
Database csv2db succesfully choosed.
Current task ID: export2yaml

Client script: /2yaml/motoweby.php
#########################################################################################################


11-10-09 13:25:43
Query succesfully done.
select * from `ktm`
Current task ID: export2yaml

Client script: /2yaml/motoweby.php
#########################################################################################################


11-10-09 13:26:05
Database csv2db succesfully choosed.
Current task ID: export2yaml

Client script: /2yaml/motoweby.php
#########################################################################################################


11-10-09 13:26:05
Query succesfully done.
select * from `ktm`
Current task ID: export2yaml

Client script: /2yaml/motoweby.php
#########################################################################################################


11-10-09 13:26:05
Database csv2db succesfully choosed.
Current task ID: export2yaml

Client script: /2yaml/motoweby.php
#########################################################################################################


11-10-09 13:26:05
Query succesfully done.
select * from `ktm`
Current task ID: export2yaml

Client script: /2yaml/motoweby.php
#########################################################################################################


11-10-09 13:26:24
Database csv2db succesfully choosed.
Current task ID: export2yaml

Client script: /2yaml/motoweby.php
#########################################################################################################


11-10-09 13:26:24
Query succesfully done.
select * from `ktm`
Current task ID: export2yaml

Client script: /2yaml/motoweby.php
#########################################################################################################


11-10-09 13:26:31
Database csv2db succesfully choosed.
Current task ID: export2yaml

Client script: /2yaml/motoweby.php
#########################################################################################################


11-10-09 13:26:31
Query succesfully done.
select * from `ktm`
Current task ID: export2yaml

Client script: /2yaml/motoweby.php
#########################################################################################################


11-10-09 13:26:32
Database csv2db succesfully choosed.
Current task ID: export2yaml

Client script: /2yaml/motoweby.php
#########################################################################################################


11-10-09 13:26:32
Query succesfully done.
select * from `ktm`
Current task ID: export2yaml

Client script: /2yaml/motoweby.php
#########################################################################################################


11-10-09 13:26:50
Database csv2db succesfully choosed.
Current task ID: export2yaml

Client script: /2yaml/motoweby.php
#########################################################################################################


11-10-09 13:26:50
Query succesfully done.
select * from `ktm`
Current task ID: export2yaml

Client script: /2yaml/motoweby.php
#########################################################################################################


11-10-09 13:28:20
Database csv2db succesfully choosed.
Current task ID: export2yaml

Client script: /2yaml/motoweby.php
#########################################################################################################


11-10-09 13:28:20
Query succesfully done.
select * from `ktm`
Current task ID: export2yaml

Client script: /2yaml/motoweby.php
#########################################################################################################


11-10-09 13:40:41
Database csv2db succesfully choosed.
Current task ID: export2yaml

Client script: /2yaml/motoweby.php
#########################################################################################################


11-10-09 13:40:41
Query succesfully done.
select * from `ktm`
Current task ID: export2yaml

Client script: /2yaml/motoweby.php
#########################################################################################################


11-10-09 13:40:58
Database csv2db succesfully choosed.
Current task ID: export2yaml

Client script: /2yaml/motoweby.php
#########################################################################################################


11-10-09 13:40:58
Query succesfully done.
select * from `ktm`
Current task ID: export2yaml

Client script: /2yaml/motoweby.php
#########################################################################################################


11-10-09 13:41:59
Database csv2db succesfully choosed.
Current task ID: export2yaml

Client script: /2yaml/motoweby.php
#########################################################################################################


11-10-09 13:41:59
Query succesfully done.
select * from `ktm`
Current task ID: export2yaml

Client script: /2yaml/motoweby.php
#########################################################################################################


11-10-09 13:41:59
Database csv2db succesfully choosed.
Current task ID: export2yaml

Client script: /2yaml/motoweby.php
#########################################################################################################


11-10-09 13:41:59
Query succesfully done.
select * from `ktm`
Current task ID: export2yaml

Client script: /2yaml/motoweby.php
#########################################################################################################


11-10-09 13:42:09
Database csv2db succesfully choosed.
Current task ID: export2yaml

Client script: /2yaml/motoweby.php
#########################################################################################################


11-10-09 13:42:19
Database csv2db succesfully choosed.
Current task ID: export2yaml

Client script: /2yaml/motoweby.php
#########################################################################################################


11-10-09 13:42:27
Database csv2db succesfully choosed.
Current task ID: export2yaml

Client script: /2yaml/motoweby.php
#########################################################################################################


11-10-09 13:42:55
Database csv2db succesfully choosed.
Current task ID: export2yaml

Client script: /2yaml/motoweby.php
#########################################################################################################


11-10-09 13:42:55
Query succesfully done.
select * from `ktm`
Current task ID: export2yaml

Client script: /2yaml/motoweby.php
#########################################################################################################


11-10-09 13:43:10
Database csv2db succesfully choosed.
Current task ID: export2yaml

Client script: /2yaml/motoweby.php
#########################################################################################################


11-10-09 13:43:10
Query succesfully done.
select * from `ktm`
Current task ID: export2yaml

Client script: /2yaml/motoweby.php
#########################################################################################################


11-10-09 14:22:52
Database csv2db succesfully choosed.
Current task ID: export2yaml

Client script: /2yaml/motoweby.php
#########################################################################################################


11-10-09 14:23:18
Database csv2db succesfully choosed.
Current task ID: export2yaml

Client script: /2yaml/motoweby.php
#########################################################################################################


11-10-09 14:23:18
Query succesfully done.
select * from `ktm`
Current task ID: export2yaml

Client script: /2yaml/motoweby.php
#########################################################################################################


11-10-09 14:24:36
Database csv2db succesfully choosed.
Current task ID: export2yaml

Client script: /2yaml/motoweby.php
#########################################################################################################


11-10-09 14:24:36
Query succesfully done.
select * from `ktm`
Current task ID: export2yaml

Client script: /2yaml/motoweby.php
#########################################################################################################


11-10-09 14:25:50
Database csv2db succesfully choosed.
Current task ID: export2yaml

Client script: /2yaml/motoweby.php
#########################################################################################################


11-10-09 14:25:50
Query succesfully done.
select * from `ktm`
Current task ID: export2yaml

Client script: /2yaml/motoweby.php
#########################################################################################################


11-10-09 14:26:54
Database csv2db succesfully choosed.
Current task ID: export2yaml

Client script: /2yaml/motoweby.php
#########################################################################################################


11-10-09 14:26:54
Query succesfully done.
select * from `ktm`
Current task ID: export2yaml

Client script: /2yaml/motoweby.php
#########################################################################################################


11-10-09 14:27:42
Database csv2db succesfully choosed.
Current task ID: export2yaml

Client script: /2yaml/motoweby.php
#########################################################################################################


11-10-09 14:27:42
Query succesfully done.
select * from `ktm`
Current task ID: export2yaml

Client script: /2yaml/motoweby.php
#########################################################################################################


11-10-09 14:28:46
Database csv2db succesfully choosed.
Current task ID: export2yaml

Client script: /2yaml/motoweby.php
#########################################################################################################


11-10-09 14:28:46
Query succesfully done.
select * from `ktm`
Current task ID: export2yaml

Client script: /2yaml/motoweby.php
#########################################################################################################


11-10-09 14:35:06
Database csv2db succesfully choosed.
Current task ID: export2yaml

Client script: /2yaml/motoweby.php
#########################################################################################################


11-10-09 14:35:06
Query succesfully done.
select * from `ktm`
Current task ID: export2yaml

Client script: /2yaml/motoweby.php
#########################################################################################################


11-10-09 14:37:35
Database csv2db succesfully choosed.
Current task ID: export2yaml

Client script: /2yaml/motoweby.php
#########################################################################################################


11-10-09 14:37:35
Query succesfully done.
select * from `ktm`
Current task ID: export2yaml

Client script: /2yaml/motoweby.php
#########################################################################################################


11-10-09 14:38:18
Database csv2db succesfully choosed.
Current task ID: export2yaml

Client script: /2yaml/motoweby.php
#########################################################################################################


11-10-09 14:38:18
Query succesfully done.
select * from `ktm`
Current task ID: export2yaml

Client script: /2yaml/motoweby.php
#########################################################################################################


11-10-09 14:39:27
Database csv2db succesfully choosed.
Current task ID: export2yaml

Client script: /2yaml/motoweby.php
#########################################################################################################


11-10-09 14:39:27
Query succesfully done.
select * from `ktm`
Current task ID: export2yaml

Client script: /2yaml/motoweby.php
#########################################################################################################


11-10-09 14:39:41
Database csv2db succesfully choosed.
Current task ID: export2yaml

Client script: /2yaml/motoweby.php
#########################################################################################################


11-10-09 14:39:41
Query succesfully done.
select * from `ktm`
Current task ID: export2yaml

Client script: /2yaml/motoweby.php
#########################################################################################################


11-10-09 14:39:41
Database csv2db succesfully choosed.
Current task ID: export2yaml

Client script: /2yaml/motoweby.php
#########################################################################################################


11-10-09 14:39:41
Query succesfully done.
select * from `ktm`
Current task ID: export2yaml

Client script: /2yaml/motoweby.php
#########################################################################################################


11-10-09 14:40:33
Database csv2db succesfully choosed.
Current task ID: export2yaml

Client script: /2yaml/motoweby.php
#########################################################################################################


11-10-09 14:40:33
Query succesfully done.
select * from `ktm`
Current task ID: export2yaml

Client script: /2yaml/motoweby.php
#########################################################################################################


11-10-09 14:41:09
Database csv2db succesfully choosed.
Current task ID: export2yaml

Client script: /2yaml/motoweby.php
#########################################################################################################


11-10-09 14:41:09
Query succesfully done.
select * from `ktm`
Current task ID: export2yaml

Client script: /2yaml/motoweby.php
#########################################################################################################


11-10-09 14:41:27
Database csv2db succesfully choosed.
Current task ID: export2yaml

Client script: /2yaml/motoweby.php
#########################################################################################################


11-10-09 14:41:27
Query succesfully done.
select * from `ktm`
Current task ID: export2yaml

Client script: /2yaml/motoweby.php
#########################################################################################################


11-10-09 14:41:42
Database csv2db succesfully choosed.
Current task ID: export2yaml

Client script: /2yaml/motoweby.php
#########################################################################################################


11-10-09 14:41:42
Query succesfully done.
select * from `ktm`
Current task ID: export2yaml

Client script: /2yaml/motoweby.php
#########################################################################################################


11-10-09 14:41:53
Database csv2db succesfully choosed.
Current task ID: export2yaml

Client script: /2yaml/motoweby.php
#########################################################################################################


11-10-09 14:41:53
Query succesfully done.
select * from `ktm`
Current task ID: export2yaml

Client script: /2yaml/motoweby.php
#########################################################################################################


11-10-09 14:42:37
Database csv2db succesfully choosed.
Current task ID: export2yaml

Client script: /2yaml/motoweby.php
#########################################################################################################


11-10-09 14:42:37
Query succesfully done.
select * from `ktm`
Current task ID: export2yaml

Client script: /2yaml/motoweby.php
#########################################################################################################


11-10-09 14:42:47
Database csv2db succesfully choosed.
Current task ID: export2yaml

Client script: /2yaml/motoweby.php
#########################################################################################################


11-10-09 14:42:47
Query succesfully done.
select * from `ktm`
Current task ID: export2yaml

Client script: /2yaml/motoweby.php
#########################################################################################################


11-10-09 14:43:33
Database csv2db succesfully choosed.
Current task ID: export2yaml

Client script: /2yaml/motoweby.php
#########################################################################################################


11-10-09 14:43:33
Query succesfully done.
select * from `ktm`
Current task ID: export2yaml

Client script: /2yaml/motoweby.php
#########################################################################################################


11-10-09 14:43:41
Database csv2db succesfully choosed.
Current task ID: export2yaml

Client script: /2yaml/motoweby.php
#########################################################################################################


11-10-09 14:43:41
Query succesfully done.
select * from `ktm`
Current task ID: export2yaml

Client script: /2yaml/motoweby.php
#########################################################################################################


11-10-09 14:44:06
Database csv2db succesfully choosed.
Current task ID: export2yaml

Client script: /2yaml/motoweby.php
#########################################################################################################


11-10-09 14:44:06
Query succesfully done.
select * from `ktm`
Current task ID: export2yaml

Client script: /2yaml/motoweby.php
#########################################################################################################


11-10-09 14:45:14
Database csv2db succesfully choosed.
Current task ID: export2yaml

Client script: /2yaml/motoweby.php
#########################################################################################################


11-10-09 14:45:14
Query succesfully done.
select * from `ktm`
Current task ID: export2yaml

Client script: /2yaml/motoweby.php
#########################################################################################################


11-10-09 14:45:30
Database csv2db succesfully choosed.
Current task ID: export2yaml

Client script: /2yaml/motoweby.php
#########################################################################################################


11-10-09 14:45:30
Query succesfully done.
select * from `ktm`
Current task ID: export2yaml

Client script: /2yaml/motoweby.php
#########################################################################################################


11-10-09 14:46:16
Database csv2db succesfully choosed.
Current task ID: export2yaml

Client script: /2yaml/motoweby.php
#########################################################################################################


11-10-09 14:46:16
Query succesfully done.
select * from `ktm`
Current task ID: export2yaml

Client script: /2yaml/motoweby.php
#########################################################################################################


11-10-09 14:46:21
Database csv2db succesfully choosed.
Current task ID: export2yaml

Client script: /2yaml/motoweby.php
#########################################################################################################


11-10-09 14:46:21
Query succesfully done.
select * from `ktm`
Current task ID: export2yaml

Client script: /2yaml/motoweby.php
#########################################################################################################


11-10-09 14:46:25
Database csv2db succesfully choosed.
Current task ID: export2yaml

Client script: /2yaml/motoweby.php
#########################################################################################################


11-10-09 14:46:25
Query succesfully done.
select * from `ktm`
Current task ID: export2yaml

Client script: /2yaml/motoweby.php
#########################################################################################################


11-10-09 14:46:41
Database csv2db succesfully choosed.
Current task ID: export2yaml

Client script: /2yaml/motoweby.php
#########################################################################################################


11-10-09 14:46:41
Query succesfully done.
select * from `ktm`
Current task ID: export2yaml

Client script: /2yaml/motoweby.php
#########################################################################################################


11-10-09 14:47:09
Database csv2db succesfully choosed.
Current task ID: export2yaml

Client script: /2yaml/motoweby.php
#########################################################################################################


11-10-09 14:47:09
Query succesfully done.
select * from `ktm`
Current task ID: export2yaml

Client script: /2yaml/motoweby.php
#########################################################################################################


11-10-09 14:50:07
Database csv2db succesfully choosed.
Current task ID: export2yaml

Client script: /2yaml/motoweby.php
#########################################################################################################


11-10-09 14:50:07
Query succesfully done.
select * from `ktm`
Current task ID: export2yaml

Client script: /2yaml/motoweby.php
#########################################################################################################


11-10-09 14:51:20
Database csv2db succesfully choosed.
Current task ID: export2yaml

Client script: /2yaml/motoweby.php
#########################################################################################################


11-10-09 14:51:20
Query succesfully done.
select * from `ktm`
Current task ID: export2yaml

Client script: /2yaml/motoweby.php
#########################################################################################################


11-10-09 14:51:46
Database csv2db succesfully choosed.
Current task ID: export2yaml

Client script: /2yaml/motoweby.php
#########################################################################################################


11-10-09 14:51:46
Query succesfully done.
select * from `ktm`
Current task ID: export2yaml

Client script: /2yaml/motoweby.php
#########################################################################################################


11-10-09 14:51:58
Database csv2db succesfully choosed.
Current task ID: export2yaml

Client script: /2yaml/motoweby.php
#########################################################################################################


11-10-09 14:51:58
Query succesfully done.
select * from `ktm`
Current task ID: export2yaml

Client script: /2yaml/motoweby.php
#########################################################################################################


11-10-09 14:52:19
Database csv2db succesfully choosed.
Current task ID: export2yaml

Client script: /2yaml/motoweby.php
#########################################################################################################


11-10-09 14:52:19
Query succesfully done.
select * from `ktm`
Current task ID: export2yaml

Client script: /2yaml/motoweby.php
#########################################################################################################

